[     105ms] [INFO] %cDownload the React DevTools for a better development experience: https://reactjs.org/link/react-devtools font-weight:bold @ http://127.0.0.1:5173/node_modules/.vite/deps/chunk-NUMECXU6.js?v=04bd599d:21550
[     190ms] [WARNING] ⚠️ React Router Future Flag Warning: React Router will begin wrapping state updates in `React.startTransition` in v7. You can use the `v7_startTransition` future flag to opt-in early. For more information, see https://reactrouter.com/v6/upgrading/future#v7_starttransition. @ http://127.0.0.1:5173/node_modules/.vite/deps/react-router-dom.js?v=04bd599d:4435
[     190ms] [WARNING] ⚠️ React Router Future Flag Warning: Relative route resolution within Splat routes is changing in v7. You can use the `v7_relativeSplatPath` future flag to opt-in early. For more information, see https://reactrouter.com/v6/upgrading/future#v7_relativesplatpath. @ http://127.0.0.1:5173/node_modules/.vite/deps/react-router-dom.js?v=04bd599d:4435
[     211ms] [ERROR] Failed to load resource: the server responded with a status of 401 (Unauthorized) @ http://localhost:8000/api/v1/auth/profile/:0
[     216ms] [ERROR] Failed to load resource: the server responded with a status of 401 (Unauthorized) @ http://localhost:8000/api/v1/auth/profile/:0
[   38109ms] [ERROR] Failed to load resource: net::ERR_CONNECTION_RESET @ https://images.unsplash.com/photo-1560066984-138dadb4c035?w=1600&h=900&fit=crop:0
[   38206ms] [ERROR] Failed to load resource: net::ERR_CONNECTION_RESET @ https://images.unsplash.com/photo-1560066984-138dadb4c035?w=600&h=400&fit=crop:0
[   38206ms] [ERROR] Failed to load resource: net::ERR_CONNECTION_RESET @ https://images.unsplash.com/photo-1604654894610-df63bc536371?w=600&h=400&fit=crop:0
[   38221ms] [ERROR] Failed to load resource: net::ERR_CONNECTION_RESET @ https://images.unsplash.com/photo-1570172619644-dfd03ed5d881?w=600&h=400&fit=crop:0
[   38221ms] [ERROR] Failed to load resource: net::ERR_CONNECTION_RESET @ https://images.unsplash.com/photo-1487412947147-5cebf100ffc2?w=600&h=400&fit=crop:0
[   38237ms] [ERROR] Failed to load resource: net::ERR_CONNECTION_RESET @ https://images.unsplash.com/photo-1544161515-4ab6ce6db874?w=600&h=400&fit=crop:0
[   76651ms] [ERROR] Failed to load resource: net::ERR_CONNECTION_RESET @ https://images.unsplash.com/photo-1503951914875-452162b0f3f1?w=600&h=400&fit=crop:0
[   76747ms] [ERROR] Failed to load resource: net::ERR_CONNECTION_RESET @ https://images.unsplash.com/photo-1562322140-8baeececf3df?w=600&h=400&fit=crop:0
[   76762ms] [ERROR] Failed to load resource: net::ERR_CONNECTION_RESET @ https://images.unsplash.com/photo-1599351431202-1e0f0137899a?w=600&h=400&fit=crop:0
[   76778ms] [ERROR] Failed to load resource: net::ERR_CONNECTION_RESET @ https://images.unsplash.com/photo-1522337360788-8b13dee7a37e?w=600&h=400&fit=crop:0
[   76794ms] [ERROR] Failed to load resource: net::ERR_CONNECTION_RESET @ https://images.unsplash.com/photo-1527799820374-dcf8d9d4a388?w=600&h=400&fit=crop:0
[   76795ms] [ERROR] Failed to load resource: net::ERR_CONNECTION_RESET @ https://images.unsplash.com/photo-1610992015732-2449b76344bc?w=600&h=400&fit=crop:0
[  115211ms] [ERROR] Failed to load resource: net::ERR_CONNECTION_RESET @ https://images.unsplash.com/photo-1519014816548-bf5fe059798b?w=600&h=400&fit=crop:0
[  115289ms] [ERROR] Failed to load resource: net::ERR_CONNECTION_RESET @ https://images.unsplash.com/photo-1512290923902-8a9f81dc236c?w=600&h=400&fit=crop:0
[  115304ms] [ERROR] Failed to load resource: net::ERR_CONNECTION_RESET @ https://images.unsplash.com/photo-1616394584738-fc6e612e71b9?w=600&h=400&fit=crop:0
[  115319ms] [ERROR] Failed to load resource: net::ERR_CONNECTION_RESET @ https://images.unsplash.com/photo-1516975080664-ed2fc6a32937?w=600&h=400&fit=crop:0
[  115366ms] [ERROR] Failed to load resource: net::ERR_CONNECTION_RESET @ https://images.unsplash.com/photo-1600334089648-b0d9d3028eb2?w=600&h=400&fit=crop:0
